<?xml version="1.0" encoding="UTF-8"?>
<testng-results skipped="0" failed="0" ignored="0" total="1" passed="1">
  <reporter-output>
  </reporter-output>
  <suite name="Suite" duration-ms="7737" started-at="2021-05-04T01:17:20Z" finished-at="2021-05-04T01:17:27Z">
    <groups>
    </groups>
    <test name="Test" duration-ms="7737" started-at="2021-05-04T01:17:20Z" finished-at="2021-05-04T01:17:27Z">
      <class name="com.ram.testcases.TesCase01">
        <test-method status="PASS" signature="launchBrowser()[pri:0, instance:com.ram.testcases.TesCase01@3cda1055]" name="launchBrowser" is-config="true" duration-ms="3518" started-at="2021-05-04T01:17:20Z" finished-at="2021-05-04T01:17:23Z">
          <reporter-output>
          </reporter-output>
        </test-method> <!-- launchBrowser -->
        <test-method status="PASS" signature="verifyTitle()[pri:0, instance:com.ram.testcases.TesCase01@3cda1055]" name="verifyTitle" duration-ms="9" started-at="2021-05-04T01:17:23Z" finished-at="2021-05-04T01:17:23Z">
          <reporter-output>
          </reporter-output>
        </test-method> <!-- verifyTitle -->
        <test-method status="PASS" signature="closeBrowser()[pri:0, instance:com.ram.testcases.TesCase01@3cda1055]" name="closeBrowser" is-config="true" duration-ms="4191" started-at="2021-05-04T01:17:23Z" finished-at="2021-05-04T01:17:27Z">
          <reporter-output>
          </reporter-output>
        </test-method> <!-- closeBrowser -->
      </class> <!-- com.ram.testcases.TesCase01 -->
    </test> <!-- Test -->
  </suite> <!-- Suite -->
</testng-results>
