<?xml version="1.0" encoding="UTF-8"?>
<testng-results ignored="0" total="1" passed="1" failed="0" skipped="0">
  <reporter-output>
  </reporter-output>
  <suite started-at="2021-06-20T17:44:43Z" name="Default suite" finished-at="2021-06-20T17:44:54Z" duration-ms="10877">
    <groups>
    </groups>
    <test started-at="2021-06-20T17:44:43Z" name="Default test" finished-at="2021-06-20T17:44:54Z" duration-ms="10877">
      <class name="com.ram.testcases.TesCase01">
        <test-method is-config="true" signature="launchBrowser()[pri:0, instance:com.ram.testcases.TesCase01@2f465398]" started-at="2021-06-20T17:44:43Z" name="launchBrowser" finished-at="2021-06-20T17:44:50Z" duration-ms="6641" status="PASS">
          <reporter-output>
          </reporter-output>
        </test-method> <!-- launchBrowser -->
        <test-method signature="verifyTitle()[pri:0, instance:com.ram.testcases.TesCase01@2f465398]" started-at="2021-06-20T17:44:50Z" name="verifyTitle" finished-at="2021-06-20T17:44:50Z" duration-ms="14" status="PASS">
          <reporter-output>
          </reporter-output>
        </test-method> <!-- verifyTitle -->
        <test-method is-config="true" signature="closeBrowser()[pri:0, instance:com.ram.testcases.TesCase01@2f465398]" started-at="2021-06-20T17:44:50Z" name="closeBrowser" finished-at="2021-06-20T17:44:54Z" duration-ms="4200" status="PASS">
          <reporter-output>
          </reporter-output>
        </test-method> <!-- closeBrowser -->
      </class> <!-- com.ram.testcases.TesCase01 -->
    </test> <!-- Default test -->
  </suite> <!-- Default suite -->
</testng-results>
