<?xml version="1.0" encoding="UTF-8"?>
<testng-results ignored="0" total="1" passed="1" failed="0" skipped="0">
  <reporter-output>
  </reporter-output>
  <suite started-at="2021-05-03T19:01:42Z" name="Suite" finished-at="2021-05-03T19:01:49Z" duration-ms="7429">
    <groups>
    </groups>
    <test started-at="2021-05-03T19:01:42Z" name="Test" finished-at="2021-05-03T19:01:49Z" duration-ms="7429">
      <class name="com.ram.testcases.TesCase01">
        <test-method is-config="true" signature="launchBrowser()[pri:0, instance:com.ram.testcases.TesCase01@2f465398]" started-at="2021-05-03T19:01:42Z" name="launchBrowser" finished-at="2021-05-03T19:01:45Z" duration-ms="3222" status="PASS">
          <reporter-output>
          </reporter-output>
        </test-method> <!-- launchBrowser -->
        <test-method signature="verifyTitle()[pri:0, instance:com.ram.testcases.TesCase01@2f465398]" started-at="2021-05-03T19:01:45Z" name="verifyTitle" finished-at="2021-05-03T19:01:45Z" duration-ms="14" status="PASS">
          <reporter-output>
          </reporter-output>
        </test-method> <!-- verifyTitle -->
        <test-method is-config="true" signature="closeBrowser()[pri:0, instance:com.ram.testcases.TesCase01@2f465398]" started-at="2021-05-03T19:01:45Z" name="closeBrowser" finished-at="2021-05-03T19:01:49Z" duration-ms="4171" status="PASS">
          <reporter-output>
          </reporter-output>
        </test-method> <!-- closeBrowser -->
      </class> <!-- com.ram.testcases.TesCase01 -->
    </test> <!-- Test -->
  </suite> <!-- Suite -->
</testng-results>
